<?xml version="1.0" encoding="UTF-8"?>
<testng-results ignored="0" total="23" passed="23" failed="0" skipped="0">
  <reporter-output>
  </reporter-output>
  <suite started-at="2025-09-03T20:36:45 IST" name="Default suite" finished-at="2025-09-03T20:46:24 IST" duration-ms="579296">
    <groups>
      <group name="cucumber">
        <method signature="AbstractTestNGCucumberTests.runScenario(io.cucumber.testng.PickleWrapper,io.cucumber.testng.FeatureWrapper)[pri:0, instance:runners.TestRunner@38102d01]" name="runScenario" class="io.cucumber.testng.AbstractTestNGCucumberTests"/>
      </group> <!-- cucumber -->
    </groups>
    <test started-at="2025-09-03T20:36:45 IST" name="Default test" finished-at="2025-09-03T20:46:24 IST" duration-ms="579296">
      <class name="runners.TestRunner">
        <test-method is-config="true" signature="setUpClass(org.testng.ITestContext)[pri:0, instance:runners.TestRunner@38102d01]" started-at="2025-09-03T20:36:45 IST" name="setUpClass" finished-at="2025-09-03T20:36:46 IST" duration-ms="1079" status="PASS">
          <params>
            <param index="0">
              <value>
                <![CDATA[org.testng.TestRunner@6559cbdd]]>
              </value>
            </param>
          </params>
          <reporter-output>
          </reporter-output>
        </test-method> <!-- setUpClass -->
        <test-method signature="runScenario(io.cucumber.testng.PickleWrapper,io.cucumber.testng.FeatureWrapper)[pri:0, instance:runners.TestRunner@38102d01]" started-at="2025-09-03T20:36:46 IST" name="runScenario" description="Runs Cucumber Scenarios" data-provider="scenarios" finished-at="2025-09-03T20:37:12 IST" duration-ms="25913" status="PASS">
          <params>
            <param index="0">
              <value>
                <![CDATA["Add item to cart and verify"]]>
              </value>
            </param>
            <param index="1">
              <value>
                <![CDATA["Cart functionality"]]>
              </value>
            </param>
          </params>
          <reporter-output>
          </reporter-output>
        </test-method> <!-- runScenario -->
        <test-method signature="runScenario(io.cucumber.testng.PickleWrapper,io.cucumber.testng.FeatureWrapper)[pri:0, instance:runners.TestRunner@38102d01]" started-at="2025-09-03T20:37:12 IST" name="runScenario" description="Runs Cucumber Scenarios" data-provider="scenarios" finished-at="2025-09-03T20:37:32 IST" duration-ms="20814" status="PASS">
          <params>
            <param index="0">
              <value>
                <![CDATA["Add multiple items to cart and verify"]]>
              </value>
            </param>
            <param index="1">
              <value>
                <![CDATA["Cart functionality"]]>
              </value>
            </param>
          </params>
          <reporter-output>
          </reporter-output>
        </test-method> <!-- runScenario -->
        <test-method signature="runScenario(io.cucumber.testng.PickleWrapper,io.cucumber.testng.FeatureWrapper)[pri:0, instance:runners.TestRunner@38102d01]" started-at="2025-09-03T20:37:32 IST" name="runScenario" description="Runs Cucumber Scenarios" data-provider="scenarios" finished-at="2025-09-03T20:37:56 IST" duration-ms="23964" status="PASS">
          <params>
            <param index="0">
              <value>
                <![CDATA["Remove an item from the cart"]]>
              </value>
            </param>
            <param index="1">
              <value>
                <![CDATA["Cart functionality"]]>
              </value>
            </param>
          </params>
          <reporter-output>
          </reporter-output>
        </test-method> <!-- runScenario -->
        <test-method signature="runScenario(io.cucumber.testng.PickleWrapper,io.cucumber.testng.FeatureWrapper)[pri:0, instance:runners.TestRunner@38102d01]" started-at="2025-09-03T20:37:56 IST" name="runScenario" description="Runs Cucumber Scenarios" data-provider="scenarios" finished-at="2025-09-03T20:38:14 IST" duration-ms="17925" status="PASS">
          <params>
            <param index="0">
              <value>
                <![CDATA["Verify cart badge count after adding items"]]>
              </value>
            </param>
            <param index="1">
              <value>
                <![CDATA["Cart functionality"]]>
              </value>
            </param>
          </params>
          <reporter-output>
          </reporter-output>
        </test-method> <!-- runScenario -->
        <test-method signature="runScenario(io.cucumber.testng.PickleWrapper,io.cucumber.testng.FeatureWrapper)[pri:0, instance:runners.TestRunner@38102d01]" started-at="2025-09-03T20:38:14 IST" name="runScenario" description="Runs Cucumber Scenarios" data-provider="scenarios" finished-at="2025-09-03T20:38:48 IST" duration-ms="34064" status="PASS">
          <params>
            <param index="0">
              <value>
                <![CDATA["Verify cart badge disappears after removing all items"]]>
              </value>
            </param>
            <param index="1">
              <value>
                <![CDATA["Cart functionality"]]>
              </value>
            </param>
          </params>
          <reporter-output>
          </reporter-output>
        </test-method> <!-- runScenario -->
        <test-method signature="runScenario(io.cucumber.testng.PickleWrapper,io.cucumber.testng.FeatureWrapper)[pri:0, instance:runners.TestRunner@38102d01]" started-at="2025-09-03T20:38:48 IST" name="runScenario" description="Runs Cucumber Scenarios" data-provider="scenarios" finished-at="2025-09-03T20:39:06 IST" duration-ms="17756" status="PASS">
          <params>
            <param index="0">
              <value>
                <![CDATA["Navigate to cart from homepage"]]>
              </value>
            </param>
            <param index="1">
              <value>
                <![CDATA["Cart functionality"]]>
              </value>
            </param>
          </params>
          <reporter-output>
          </reporter-output>
        </test-method> <!-- runScenario -->
        <test-method signature="runScenario(io.cucumber.testng.PickleWrapper,io.cucumber.testng.FeatureWrapper)[pri:0, instance:runners.TestRunner@38102d01]" started-at="2025-09-03T20:39:06 IST" name="runScenario" description="Runs Cucumber Scenarios" data-provider="scenarios" finished-at="2025-09-03T20:39:34 IST" duration-ms="27774" status="PASS">
          <params>
            <param index="0">
              <value>
                <![CDATA["Verify cart is empty when no items added"]]>
              </value>
            </param>
            <param index="1">
              <value>
                <![CDATA["Cart functionality"]]>
              </value>
            </param>
          </params>
          <reporter-output>
          </reporter-output>
        </test-method> <!-- runScenario -->
        <test-method signature="runScenario(io.cucumber.testng.PickleWrapper,io.cucumber.testng.FeatureWrapper)[pri:0, instance:runners.TestRunner@38102d01]" started-at="2025-09-03T20:39:34 IST" name="runScenario" description="Runs Cucumber Scenarios" data-provider="scenarios" finished-at="2025-09-03T20:39:58 IST" duration-ms="24171" status="PASS">
          <params>
            <param index="0">
              <value>
                <![CDATA["Proceed to checkout"]]>
              </value>
            </param>
            <param index="1">
              <value>
                <![CDATA["Checkout functionality"]]>
              </value>
            </param>
          </params>
          <reporter-output>
          </reporter-output>
        </test-method> <!-- runScenario -->
        <test-method signature="runScenario(io.cucumber.testng.PickleWrapper,io.cucumber.testng.FeatureWrapper)[pri:0, instance:runners.TestRunner@38102d01]" started-at="2025-09-03T20:39:58 IST" name="runScenario" description="Runs Cucumber Scenarios" data-provider="scenarios" finished-at="2025-09-03T20:40:29 IST" duration-ms="31095" status="PASS">
          <params>
            <param index="0">
              <value>
                <![CDATA["Fill valid checkout information and continue"]]>
              </value>
            </param>
            <param index="1">
              <value>
                <![CDATA["Checkout functionality"]]>
              </value>
            </param>
          </params>
          <reporter-output>
          </reporter-output>
        </test-method> <!-- runScenario -->
        <test-method signature="runScenario(io.cucumber.testng.PickleWrapper,io.cucumber.testng.FeatureWrapper)[pri:0, instance:runners.TestRunner@38102d01]" started-at="2025-09-03T20:40:29 IST" name="runScenario" description="Runs Cucumber Scenarios" data-provider="scenarios" finished-at="2025-09-03T20:40:57 IST" duration-ms="27597" status="PASS">
          <params>
            <param index="0">
              <value>
                <![CDATA["Try to continue without filling required fields"]]>
              </value>
            </param>
            <param index="1">
              <value>
                <![CDATA["Checkout functionality"]]>
              </value>
            </param>
          </params>
          <reporter-output>
          </reporter-output>
        </test-method> <!-- runScenario -->
        <test-method signature="runScenario(io.cucumber.testng.PickleWrapper,io.cucumber.testng.FeatureWrapper)[pri:0, instance:runners.TestRunner@38102d01]" started-at="2025-09-03T20:40:57 IST" name="runScenario" description="Runs Cucumber Scenarios" data-provider="scenarios" finished-at="2025-09-03T20:41:31 IST" duration-ms="33728" status="PASS">
          <params>
            <param index="0">
              <value>
                <![CDATA["Complete checkout process successfully"]]>
              </value>
            </param>
            <param index="1">
              <value>
                <![CDATA["Checkout functionality"]]>
              </value>
            </param>
          </params>
          <reporter-output>
          </reporter-output>
        </test-method> <!-- runScenario -->
        <test-method signature="runScenario(io.cucumber.testng.PickleWrapper,io.cucumber.testng.FeatureWrapper)[pri:0, instance:runners.TestRunner@38102d01]" started-at="2025-09-03T20:41:31 IST" name="runScenario" description="Runs Cucumber Scenarios" data-provider="scenarios" finished-at="2025-09-03T20:41:58 IST" duration-ms="27173" status="PASS">
          <params>
            <param index="0">
              <value>
                <![CDATA["Cancel checkout from information page"]]>
              </value>
            </param>
            <param index="1">
              <value>
                <![CDATA["Checkout functionality"]]>
              </value>
            </param>
          </params>
          <reporter-output>
          </reporter-output>
        </test-method> <!-- runScenario -->
        <test-method signature="runScenario(io.cucumber.testng.PickleWrapper,io.cucumber.testng.FeatureWrapper)[pri:0, instance:runners.TestRunner@38102d01]" started-at="2025-09-03T20:41:58 IST" name="runScenario" description="Runs Cucumber Scenarios" data-provider="scenarios" finished-at="2025-09-03T20:42:31 IST" duration-ms="33416" status="PASS">
          <params>
            <param index="0">
              <value>
                <![CDATA["Cancel checkout from overview page"]]>
              </value>
            </param>
            <param index="1">
              <value>
                <![CDATA["Checkout functionality"]]>
              </value>
            </param>
          </params>
          <reporter-output>
          </reporter-output>
        </test-method> <!-- runScenario -->
        <test-method signature="runScenario(io.cucumber.testng.PickleWrapper,io.cucumber.testng.FeatureWrapper)[pri:0, instance:runners.TestRunner@38102d01]" started-at="2025-09-03T20:42:31 IST" name="runScenario" description="Runs Cucumber Scenarios" data-provider="scenarios" finished-at="2025-09-03T20:43:05 IST" duration-ms="33466" status="PASS">
          <params>
            <param index="0">
              <value>
                <![CDATA["Verify order summary in overview page"]]>
              </value>
            </param>
            <param index="1">
              <value>
                <![CDATA["Checkout functionality"]]>
              </value>
            </param>
          </params>
          <reporter-output>
          </reporter-output>
        </test-method> <!-- runScenario -->
        <test-method signature="runScenario(io.cucumber.testng.PickleWrapper,io.cucumber.testng.FeatureWrapper)[pri:0, instance:runners.TestRunner@38102d01]" started-at="2025-09-03T20:43:05 IST" name="runScenario" description="Runs Cucumber Scenarios" data-provider="scenarios" finished-at="2025-09-03T20:43:39 IST" duration-ms="34398" status="PASS">
          <params>
            <param index="0">
              <value>
                <![CDATA["Verify Finish button completes order"]]>
              </value>
            </param>
            <param index="1">
              <value>
                <![CDATA["Checkout functionality"]]>
              </value>
            </param>
          </params>
          <reporter-output>
          </reporter-output>
        </test-method> <!-- runScenario -->
        <test-method signature="runScenario(io.cucumber.testng.PickleWrapper,io.cucumber.testng.FeatureWrapper)[pri:0, instance:runners.TestRunner@38102d01]" started-at="2025-09-03T20:43:39 IST" name="runScenario" description="Runs Cucumber Scenarios" data-provider="scenarios" finished-at="2025-09-03T20:43:59 IST" duration-ms="19845" status="PASS">
          <params>
            <param index="0">
              <value>
                <![CDATA["Verify social media links are visible"]]>
              </value>
            </param>
            <param index="1">
              <value>
                <![CDATA["Verify social media links in footer"]]>
              </value>
            </param>
          </params>
          <reporter-output>
          </reporter-output>
        </test-method> <!-- runScenario -->
        <test-method signature="runScenario(io.cucumber.testng.PickleWrapper,io.cucumber.testng.FeatureWrapper)[pri:0, instance:runners.TestRunner@38102d01]" started-at="2025-09-03T20:43:59 IST" name="runScenario" description="Runs Cucumber Scenarios" data-provider="scenarios" finished-at="2025-09-03T20:44:23 IST" duration-ms="24197" status="PASS">
          <params>
            <param index="0">
              <value>
                <![CDATA["Successful login with valid credentials"]]>
              </value>
            </param>
            <param index="1">
              <value>
                <![CDATA["Login functionality"]]>
              </value>
            </param>
          </params>
          <reporter-output>
          </reporter-output>
        </test-method> <!-- runScenario -->
        <test-method signature="runScenario(io.cucumber.testng.PickleWrapper,io.cucumber.testng.FeatureWrapper)[pri:0, instance:runners.TestRunner@38102d01]" started-at="2025-09-03T20:44:23 IST" name="runScenario" description="Runs Cucumber Scenarios" data-provider="scenarios" finished-at="2025-09-03T20:44:47 IST" duration-ms="23733" status="PASS">
          <params>
            <param index="0">
              <value>
                <![CDATA["Login with invalid credentials"]]>
              </value>
            </param>
            <param index="1">
              <value>
                <![CDATA["Login functionality"]]>
              </value>
            </param>
          </params>
          <reporter-output>
          </reporter-output>
        </test-method> <!-- runScenario -->
        <test-method signature="runScenario(io.cucumber.testng.PickleWrapper,io.cucumber.testng.FeatureWrapper)[pri:0, instance:runners.TestRunner@38102d01]" started-at="2025-09-03T20:44:47 IST" name="runScenario" description="Runs Cucumber Scenarios" data-provider="scenarios" finished-at="2025-09-03T20:45:11 IST" duration-ms="23856" status="PASS">
          <params>
            <param index="0">
              <value>
                <![CDATA["Login with blank username and password"]]>
              </value>
            </param>
            <param index="1">
              <value>
                <![CDATA["Login functionality"]]>
              </value>
            </param>
          </params>
          <reporter-output>
          </reporter-output>
        </test-method> <!-- runScenario -->
        <test-method signature="runScenario(io.cucumber.testng.PickleWrapper,io.cucumber.testng.FeatureWrapper)[pri:0, instance:runners.TestRunner@38102d01]" started-at="2025-09-03T20:45:11 IST" name="runScenario" description="Runs Cucumber Scenarios" data-provider="scenarios" finished-at="2025-09-03T20:45:29 IST" duration-ms="18532" status="PASS">
          <params>
            <param index="0">
              <value>
                <![CDATA["Logout functionality"]]>
              </value>
            </param>
            <param index="1">
              <value>
                <![CDATA["Login functionality"]]>
              </value>
            </param>
          </params>
          <reporter-output>
          </reporter-output>
        </test-method> <!-- runScenario -->
        <test-method signature="runScenario(io.cucumber.testng.PickleWrapper,io.cucumber.testng.FeatureWrapper)[pri:0, instance:runners.TestRunner@38102d01]" started-at="2025-09-03T20:45:29 IST" name="runScenario" description="Runs Cucumber Scenarios" data-provider="scenarios" finished-at="2025-09-03T20:45:48 IST" duration-ms="18338" status="PASS">
          <params>
            <param index="0">
              <value>
                <![CDATA["Open burger menu"]]>
              </value>
            </param>
            <param index="1">
              <value>
                <![CDATA["Hamburger menu links"]]>
              </value>
            </param>
          </params>
          <reporter-output>
          </reporter-output>
        </test-method> <!-- runScenario -->
        <test-method signature="runScenario(io.cucumber.testng.PickleWrapper,io.cucumber.testng.FeatureWrapper)[pri:0, instance:runners.TestRunner@38102d01]" started-at="2025-09-03T20:45:48 IST" name="runScenario" description="Runs Cucumber Scenarios" data-provider="scenarios" finished-at="2025-09-03T20:46:06 IST" duration-ms="18272" status="PASS">
          <params>
            <param index="0">
              <value>
                <![CDATA["Verify all links are displayed"]]>
              </value>
            </param>
            <param index="1">
              <value>
                <![CDATA["Hamburger menu links"]]>
              </value>
            </param>
          </params>
          <reporter-output>
          </reporter-output>
        </test-method> <!-- runScenario -->
        <test-method signature="runScenario(io.cucumber.testng.PickleWrapper,io.cucumber.testng.FeatureWrapper)[pri:0, instance:runners.TestRunner@38102d01]" started-at="2025-09-03T20:46:06 IST" name="runScenario" description="Runs Cucumber Scenarios" data-provider="scenarios" finished-at="2025-09-03T20:46:24 IST" duration-ms="18042" status="PASS">
          <params>
            <param index="0">
              <value>
                <![CDATA["Verify all links are clickable"]]>
              </value>
            </param>
            <param index="1">
              <value>
                <![CDATA["Hamburger menu links"]]>
              </value>
            </param>
          </params>
          <reporter-output>
          </reporter-output>
        </test-method> <!-- runScenario -->
        <test-method is-config="true" signature="tearDownClass()[pri:0, instance:runners.TestRunner@38102d01]" started-at="2025-09-03T20:46:24 IST" name="tearDownClass" finished-at="2025-09-03T20:46:24 IST" duration-ms="23" status="PASS">
          <reporter-output>
          </reporter-output>
        </test-method> <!-- tearDownClass -->
      </class> <!-- runners.TestRunner -->
    </test> <!-- Default test -->
  </suite> <!-- Default suite -->
</testng-results>
